  solver.cpp
C:\Users\belle\Desktop\FJSP\FJSP\solver.cpp(73): warning C4018: “<”: 有符号/无符号不匹配
C:\Users\belle\Desktop\FJSP\FJSP\solver.cpp(75): warning C4018: “<”: 有符号/无符号不匹配
C:\Users\belle\Desktop\FJSP\FJSP\solver.cpp(80): warning C4018: “<”: 有符号/无符号不匹配
C:\Users\belle\Desktop\FJSP\FJSP\solver.cpp(99): warning C4018: “<”: 有符号/无符号不匹配
C:\Users\belle\Desktop\FJSP\FJSP\solver.cpp(111): warning C4018: “<”: 有符号/无符号不匹配
C:\Users\belle\Desktop\FJSP\FJSP\solver.cpp(128): warning C4018: “<”: 有符号/无符号不匹配
C:\Users\belle\Desktop\FJSP\FJSP\solver.cpp(130): warning C4018: “<”: 有符号/无符号不匹配
C:\Users\belle\Desktop\FJSP\FJSP\solver.cpp(135): warning C4018: “<”: 有符号/无符号不匹配
C:\Users\belle\Desktop\FJSP\FJSP\solver.cpp(168): warning C4018: “<”: 有符号/无符号不匹配
C:\Users\belle\Desktop\FJSP\FJSP\solver.cpp(216): warning C4018: “<”: 有符号/无符号不匹配
C:\Users\belle\Desktop\FJSP\FJSP\solver.cpp(242): warning C4018: “<”: 有符号/无符号不匹配
C:\Users\belle\Desktop\FJSP\FJSP\solver.cpp(268): warning C4018: “<”: 有符号/无符号不匹配
C:\Users\belle\Desktop\FJSP\FJSP\solver.cpp(288): warning C4018: “<”: 有符号/无符号不匹配
C:\Users\belle\Desktop\FJSP\FJSP\solver.cpp(297): warning C4018: “<”: 有符号/无符号不匹配
C:\Users\belle\Desktop\FJSP\FJSP\solver.cpp(311): warning C4018: “<”: 有符号/无符号不匹配
C:\Users\belle\Desktop\FJSP\FJSP\solver.cpp(333): warning C4018: “<”: 有符号/无符号不匹配
C:\Users\belle\Desktop\FJSP\FJSP\solver.cpp(377): warning C4018: “<”: 有符号/无符号不匹配
C:\Users\belle\Desktop\FJSP\FJSP\solver.cpp(400): warning C4018: “<”: 有符号/无符号不匹配
C:\Users\belle\Desktop\FJSP\FJSP\solver.cpp(422): warning C4018: “<”: 有符号/无符号不匹配
C:\Users\belle\Desktop\FJSP\FJSP\solver.cpp(450): warning C4018: “<”: 有符号/无符号不匹配
C:\Users\belle\Desktop\FJSP\FJSP\solver.cpp(459): warning C4018: “<”: 有符号/无符号不匹配
C:\Users\belle\Desktop\FJSP\FJSP\solver.cpp(476): warning C4018: “<”: 有符号/无符号不匹配
C:\Users\belle\Desktop\FJSP\FJSP\solver.cpp(502): warning C4018: “<”: 有符号/无符号不匹配
C:\Users\belle\Desktop\FJSP\FJSP\solver.cpp(530): warning C4018: “<”: 有符号/无符号不匹配
C:\Users\belle\Desktop\FJSP\FJSP\solver.cpp(559): warning C4018: “<”: 有符号/无符号不匹配
C:\Users\belle\Desktop\FJSP\FJSP\solver.cpp(606): warning C4018: “<”: 有符号/无符号不匹配
C:\Users\belle\Desktop\FJSP\FJSP\solver.cpp(612): warning C4018: “<”: 有符号/无符号不匹配
C:\Users\belle\Desktop\FJSP\FJSP\solver.cpp(635): warning C4018: “<”: 有符号/无符号不匹配
C:\Users\belle\Desktop\FJSP\FJSP\solver.cpp(637): warning C4018: “<”: 有符号/无符号不匹配
C:\Users\belle\Desktop\FJSP\FJSP\solver.cpp(890): warning C4018: “<”: 有符号/无符号不匹配
C:\Users\belle\Desktop\FJSP\FJSP\solver.cpp(892): warning C4018: “<”: 有符号/无符号不匹配
C:\Users\belle\Desktop\FJSP\FJSP\solver.cpp(894): warning C4018: “<”: 有符号/无符号不匹配
C:\Users\belle\Desktop\FJSP\FJSP\solver.cpp(901): warning C4018: “<”: 有符号/无符号不匹配
C:\Users\belle\Desktop\FJSP\FJSP\solver.cpp(944): warning C4018: “<”: 有符号/无符号不匹配
C:\Users\belle\Desktop\FJSP\FJSP\solver.cpp(946): warning C4018: “<”: 有符号/无符号不匹配
C:\Users\belle\Desktop\FJSP\FJSP\solver.cpp(953): warning C4018: “<”: 有符号/无符号不匹配
C:\Users\belle\Desktop\FJSP\FJSP\solver.cpp(955): warning C4018: “<”: 有符号/无符号不匹配
C:\Users\belle\Desktop\FJSP\FJSP\solver.cpp(960): warning C4018: “<”: 有符号/无符号不匹配
C:\Users\belle\Desktop\FJSP\FJSP\solver.cpp(963): warning C4018: “<”: 有符号/无符号不匹配
C:\Users\belle\Desktop\FJSP\FJSP\solver.cpp(977): warning C4018: “<”: 有符号/无符号不匹配
C:\Users\belle\Desktop\FJSP\FJSP\solver.cpp(979): warning C4018: “<”: 有符号/无符号不匹配
C:\Users\belle\Desktop\FJSP\FJSP\solver.cpp(984): warning C4018: “<”: 有符号/无符号不匹配
C:\Users\belle\Desktop\FJSP\FJSP\solver.cpp(986): warning C4018: “<”: 有符号/无符号不匹配
C:\Users\belle\Desktop\FJSP\FJSP\solver.cpp(992): warning C4018: “<”: 有符号/无符号不匹配
C:\Users\belle\Desktop\FJSP\FJSP\solver.cpp(995): warning C4018: “<”: 有符号/无符号不匹配
  正在生成代码
  2 of 754 functions ( 0.3%) were compiled, the rest were copied from previous compilation.
    0 functions were new in current compilation
    1 functions had inline decision re-evaluated but remain unchanged
  已完成代码的生成
  FJSP.vcxproj -> C:\Users\belle\Desktop\FJSP\Release\FJSP.exe
